# JRE version: Java(TM) SE Runtime Environment (22.0.2+9) (build 22.0.2+9-70)
# Java VM: Java HotSpot(TM) 64-Bit Server VM (22.0.2+9-70, mixed mode, emulated-client, sharing, tiered, compressed oops, compressed class ptrs, g1 gc, windows-amd64)
GC Precious Log:
 CardTable entry size: 512
 Card Set container configuration: InlinePtr #cards 5 size 8 Array Of Cards #cards 12 size 40 Howl #buckets 4 coarsen threshold 1843 Howl Bitmap #cards 512 size 80 coarsen threshold 460 Card regions per heap region 1 cards per card region 2048
 CPUs: 2 total, 2 available
 Memory: 8084M
 Large Page Support: Disabled
 NUMA Support: Disabled
 Compressed Oops: Enabled (32-bit)
 Heap Region Size: 1M
 Heap Min Capacity: 8M
 Heap Initial Capacity: 128M
 Heap Max Capacity: 2022M
 Pre-touch: Disabled
 Parallel Workers: 2
 Concurrent Workers: 1
 Concurrent Refinement Workers: 2
 Periodic GC: Disabled
Heap:
 garbage-first heap   total reserved 2070528K, committed 51200K, used 25523K [0x0000000081a00000, 0x0000000100000000)
  region size 1024K, 3 young (3072K), 2 survivors (2048K)
 Metaspace       used 62646K, committed 63168K, reserved 1114112K
  class space    used 9227K, committed 9472K, reserved 1048576K
GC Heap History (20 events):
Event: 61243.798 GC heap before
{Heap before GC invocations=85 (full 0):
 garbage-first heap   total reserved 2070528K, committed 51200K, used 45769K [0x0000000081a00000, 0x0000000100000000)
  region size 1024K, 22 young (22528K), 1 survivors (1024K)
 Metaspace       used 60325K, committed 61184K, reserved 1114112K
  class space    used 8875K, committed 9216K, reserved 1048576K
}
Event: 61243.801 GC heap after
{Heap after GC invocations=86 (full 0):
 garbage-first heap   total reserved 2070528K, committed 51200K, used 24274K [0x0000000081a00000, 0x0000000100000000)
  region size 1024K, 1 young (1024K), 1 survivors (1024K)
 Metaspace       used 60325K, committed 61184K, reserved 1114112K
  class space    used 8875K, committed 9216K, reserved 1048576K
}
Event: 62417.309 GC heap before
{Heap before GC invocations=86 (full 0):
 garbage-first heap   total reserved 2070528K, committed 51200K, used 45778K [0x0000000081a00000, 0x0000000100000000)
  region size 1024K, 22 young (22528K), 1 survivors (1024K)
 Metaspace       used 60325K, committed 61184K, reserved 1114112K
  class space    used 8875K, committed 9216K, reserved 1048576K
}
Event: 62417.311 GC heap after
{Heap after GC invocations=87 (full 0):
 garbage-first heap   total reserved 2070528K, committed 51200K, used 24228K [0x0000000081a00000, 0x0000000100000000)
  region size 1024K, 1 young (1024K), 1 survivors (1024K)
 Metaspace       used 60325K, committed 61184K, reserved 1114112K
  class space    used 8875K, committed 9216K, reserved 1048576K
}
Event: 63836.974 GC heap before
{Heap before GC invocations=88 (full 0):
 garbage-first heap   total reserved 2070528K, committed 51200K, used 45732K [0x0000000081a00000, 0x0000000100000000)
  region size 1024K, 22 young (22528K), 1 survivors (1024K)
 Metaspace       used 60325K, committed 61184K, reserved 1114112K
  class space    used 8875K, committed 9216K, reserved 1048576K
}
Event: 63836.978 GC heap after
{Heap after GC invocations=89 (full 0):
 garbage-first heap   total reserved 2070528K, committed 51200K, used 24233K [0x0000000081a00000, 0x0000000100000000)
  region size 1024K, 1 young (1024K), 1 survivors (1024K)
 Metaspace       used 60325K, committed 61184K, reserved 1114112K
  class space    used 8875K, committed 9216K, reserved 1048576K
}
Event: 65003.762 GC heap before
{Heap before GC invocations=89 (full 0):
 garbage-first heap   total reserved 2070528K, committed 51200K, used 45737K [0x0000000081a00000, 0x0000000100000000)
  region size 1024K, 22 young (22528K), 1 survivors (1024K)
 Metaspace       used 60327K, committed 61184K, reserved 1114112K
  class space    used 8876K, committed 9216K, reserved 1048576K
}
Event: 65003.777 GC heap after
{Heap after GC invocations=90 (full 0):
 garbage-first heap   total reserved 2070528K, committed 51200K, used 24310K [0x0000000081a00000, 0x0000000100000000)
  region size 1024K, 1 young (1024K), 1 survivors (1024K)
 Metaspace       used 60327K, committed 61184K, reserved 1114112K
  class space    used 8876K, committed 9216K, reserved 1048576K
}
Event: 66175.635 GC heap before
{Heap before GC invocations=91 (full 0):
 garbage-first heap   total reserved 2070528K, committed 51200K, used 45814K [0x0000000081a00000, 0x0000000100000000)
  region size 1024K, 22 young (22528K), 1 survivors (1024K)
 Metaspace       used 60327K, committed 61184K, reserved 1114112K
  class space    used 8876K, committed 9216K, reserved 1048576K
}
Event: 66175.638 GC heap after
{Heap after GC invocations=92 (full 0):
 garbage-first heap   total reserved 2070528K, committed 51200K, used 24231K [0x0000000081a00000, 0x0000000100000000)
  region size 1024K, 1 young (1024K), 1 survivors (1024K)
 Metaspace       used 60327K, committed 61184K, reserved 1114112K
  class space    used 8876K, committed 9216K, reserved 1048576K
}
Event: 67544.009 GC heap before
{Heap before GC invocations=92 (full 0):
 garbage-first heap   total reserved 2070528K, committed 51200K, used 45735K [0x0000000081a00000, 0x0000000100000000)
  region size 1024K, 22 young (22528K), 1 survivors (1024K)
 Metaspace       used 60327K, committed 61184K, reserved 1114112K
  class space    used 8876K, committed 9216K, reserved 1048576K
}
Event: 67544.542 GC heap after
{Heap after GC invocations=93 (full 0):
 garbage-first heap   total reserved 2070528K, committed 51200K, used 24269K [0x0000000081a00000, 0x0000000100000000)
  region size 1024K, 1 young (1024K), 1 survivors (1024K)
 Metaspace       used 60327K, committed 61184K, reserved 1114112K
  class space    used 8876K, committed 9216K, reserved 1048576K
}
Event: 68877.787 GC heap before
{Heap before GC invocations=94 (full 0):
 garbage-first heap   total reserved 2070528K, committed 51200K, used 45773K [0x0000000081a00000, 0x0000000100000000)
  region size 1024K, 22 young (22528K), 1 survivors (1024K)
 Metaspace       used 60327K, committed 61184K, reserved 1114112K
  class space    used 8876K, committed 9216K, reserved 1048576K
}
Event: 68877.822 GC heap after
{Heap after GC invocations=95 (full 0):
 garbage-first heap   total reserved 2070528K, committed 51200K, used 24223K [0x0000000081a00000, 0x0000000100000000)
  region size 1024K, 1 young (1024K), 1 survivors (1024K)
 Metaspace       used 60327K, committed 61184K, reserved 1114112K
  class space    used 8876K, committed 9216K, reserved 1048576K
}
Event: 70085.799 GC heap before
{Heap before GC invocations=95 (full 0):
 garbage-first heap   total reserved 2070528K, committed 51200K, used 45727K [0x0000000081a00000, 0x0000000100000000)
  region size 1024K, 22 young (22528K), 1 survivors (1024K)
 Metaspace       used 60327K, committed 61184K, reserved 1114112K
  class space    used 8876K, committed 9216K, reserved 1048576K
}
Event: 70085.841 GC heap after
{Heap after GC invocations=96 (full 0):
 garbage-first heap   total reserved 2070528K, committed 51200K, used 24267K [0x0000000081a00000, 0x0000000100000000)
  region size 1024K, 1 young (1024K), 1 survivors (1024K)
 Metaspace       used 60327K, committed 61184K, reserved 1114112K
  class space    used 8876K, committed 9216K, reserved 1048576K
}
Event: 71271.679 GC heap before
{Heap before GC invocations=97 (full 0):
 garbage-first heap   total reserved 2070528K, committed 51200K, used 45771K [0x0000000081a00000, 0x0000000100000000)
  region size 1024K, 22 young (22528K), 1 survivors (1024K)
 Metaspace       used 60327K, committed 61184K, reserved 1114112K
  class space    used 8876K, committed 9216K, reserved 1048576K
}
Event: 71271.769 GC heap after
{Heap after GC invocations=98 (full 0):
 garbage-first heap   total reserved 2070528K, committed 51200K, used 24289K [0x0000000081a00000, 0x0000000100000000)
  region size 1024K, 1 young (1024K), 1 survivors (1024K)
 Metaspace       used 60327K, committed 61184K, reserved 1114112K
  class space    used 8876K, committed 9216K, reserved 1048576K
}
Event: 71951.991 GC heap before
{Heap before GC invocations=98 (full 0):
 garbage-first heap   total reserved 2070528K, committed 51200K, used 44769K [0x0000000081a00000, 0x0000000100000000)
  region size 1024K, 22 young (22528K), 1 survivors (1024K)
 Metaspace       used 62646K, committed 63168K, reserved 1114112K
  class space    used 9227K, committed 9472K, reserved 1048576K
}
Event: 71952.109 GC heap after
{Heap after GC invocations=99 (full 0):
 garbage-first heap   total reserved 2070528K, committed 51200K, used 25523K [0x0000000081a00000, 0x0000000100000000)
  region size 1024K, 2 young (2048K), 2 survivors (2048K)
 Metaspace       used 62646K, committed 63168K, reserved 1114112K
  class space    used 9227K, committed 9472K, reserved 1048576K
}

